<?xml version="1.0" encoding="UTF-8"?>
<!-- Generated by org.testng.reporters.JUnitXMLReporter -->
<testsuite hostname="POKUMARI-95CK7" ignored="0" name="Blog Page" tests="2" failures="1" timestamp="23 Oct 2017 17:12:23 GMT" time="113.104" errors="0">
  <testcase name="verifyBlogCommentWithFirstName" time="29.766" classname="scripts.VerifyBlogComments"/>
  <testcase name="verifyBlogCommentWithLastName" time="60.704" classname="scripts.VerifyBlogComments">
    <failure type="junit.framework.AssertionFailedError">
      <![CDATA[junit.framework.AssertionFailedError
	at junit.framework.Assert.fail(Assert.java:47)
	at junit.framework.Assert.fail(Assert.java:53)
	at scripts.VerifyBlogComments.verifyBlogCommentWithLastName(VerifyBlogComments.java:42)
... Removed 25 stack frames]]>
    </failure>
  </testcase> <!-- verifyBlogCommentWithLastName -->
</testsuite> <!-- Blog Page -->
