<?xml version="1.0" encoding="UTF-8"?>
<!-- Generated by org.testng.reporters.JUnitXMLReporter -->
<testsuite hostname="POKUMARI-95CK7" ignored="0" name="Landing Page" tests="3" failures="1" timestamp="23 Oct 2017 17:10:30 GMT" time="83.102" errors="0">
  <testcase name="verifyLandingPageTitle" time="0.033" classname="scripts.VerifyPageTitleAndReportBrokenLinks"/>
  <testcase name="verifyLandingPageH1HeaderIsSDETTest" time="0.096" classname="scripts.VerifyPageTitleAndReportBrokenLinks"/>
  <testcase name="verifyBrokenLinksOnLandingPage" time="43.29" classname="scripts.VerifyPageTitleAndReportBrokenLinks">
    <failure type="java.lang.AssertionError" message="null">
      <![CDATA[java.lang.AssertionError: null
	at scripts.VerifyPageTitleAndReportBrokenLinks.verifyBrokenLinksOnLandingPage(VerifyPageTitleAndReportBrokenLinks.java:53)
... Removed 27 stack frames]]>
    </failure>
  </testcase> <!-- verifyBrokenLinksOnLandingPage -->
</testsuite> <!-- Landing Page -->
