<?xml version="1.0" encoding="UTF-8"?>
<!-- Generated by org.testng.reporters.JUnitXMLReporter -->
<testsuite hostname="POKUMARI-95CK7" ignored="0" name="Test" tests="3" failures="0" timestamp="23 Oct 2017 13:26:02 GMT" time="61.281" errors="0">
  <testcase name="verifyLandingPageTitle" time="4.217" classname="scripts.VerifyPageTitleAndReportBrokenLinks"/>
  <testcase name="verifyLandingPageH1HeaderIsSDETTest" time="0.111" classname="scripts.VerifyPageTitleAndReportBrokenLinks"/>
  <testcase name="verifyBrokenLinksOnLandingPage" time="46.481" classname="scripts.VerifyPageTitleAndReportBrokenLinks"/>
</testsuite> <!-- Test -->
