<?xml version="1.0" encoding="UTF-8"?>
<!-- Generated by org.testng.reporters.JUnitXMLReporter -->
<testsuite hostname="POKUMARI-95CK7" ignored="0" name="Test1" tests="2" failures="1" timestamp="23 Oct 2017 13:27:06 GMT" time="63.918" errors="0">
  <testcase name="verifyBlogCommentWithFirstName" time="14.868" classname="scripts.VerifyBlogComments"/>
  <testcase name="verifyBlogCommentWithLastName" time="40.076" classname="scripts.VerifyBlogComments">
    <failure type="junit.framework.AssertionFailedError">
      <![CDATA[junit.framework.AssertionFailedError
	at junit.framework.Assert.fail(Assert.java:47)
	at junit.framework.Assert.fail(Assert.java:53)
	at scripts.VerifyBlogComments.verifyBlogCommentWithLastName(VerifyBlogComments.java:42)
... Removed 25 stack frames]]>
    </failure>
  </testcase> <!-- verifyBlogCommentWithLastName -->
</testsuite> <!-- Test1 -->
